Traceback (most recent call last):
  File "/Users/mike/Documents/Methods-of-optimization/venv/lib/python3.9/site-packages/jupyter_cache/executors/utils.py", line 58, in single_nb_execution
    executenb(
  File "/Users/mike/Documents/Methods-of-optimization/venv/lib/python3.9/site-packages/nbclient/client.py", line 1314, in execute
    return NotebookClient(nb=nb, resources=resources, km=km, **kwargs).execute()
  File "/Users/mike/Documents/Methods-of-optimization/venv/lib/python3.9/site-packages/jupyter_core/utils/__init__.py", line 165, in wrapped
    return loop.run_until_complete(inner)
  File "/Library/Developer/CommandLineTools/Library/Frameworks/Python3.framework/Versions/3.9/lib/python3.9/asyncio/base_events.py", line 642, in run_until_complete
    return future.result()
  File "/Users/mike/Documents/Methods-of-optimization/venv/lib/python3.9/site-packages/nbclient/client.py", line 709, in async_execute
    await self.async_execute_cell(
  File "/Users/mike/Documents/Methods-of-optimization/venv/lib/python3.9/site-packages/nbclient/client.py", line 1062, in async_execute_cell
    await self._check_raise_for_error(cell, cell_index, exec_reply)
  File "/Users/mike/Documents/Methods-of-optimization/venv/lib/python3.9/site-packages/nbclient/client.py", line 918, in _check_raise_for_error
    raise CellExecutionError.from_cell_and_msg(cell, exec_reply_content)
nbclient.exceptions.CellExecutionError: An error occurred while executing the following cell:
------------------
from sys import platform
import sys
if platform == "linux" or platform == "linux2":
    sys.path.append("../../")
%matplotlib widget
import matplotlib.pyplot as plt
import numpy as np
import sympy
from src.v2.impl.conditions import StepCountCondition, PrecisionCondition, AbsolutePrecisionCondition
from src.v2.impl.methods import CoordinateDescent, GoldenRatioMethod, NewtonWolfe
from src.v2.impl.metrics import StepCount, CallCount, GradientCallCount, HessianCallCount, PrecisionCount, \
    AbsolutePrecisionCount, AbsolutePrecision, MinAbsolutePrecision
from src.v2.impl.oraculs import LambdaOracul, SymbolOracul
from src.v2.runner.debug import FULL_DEBUG
from src.v2.runner.runner import Runner, FULL_VISUALIZE, NO_VISUALIZE, FULL_ANIMATION
from src.v2.visualization.animation import Animator
from src.v2.runner.runner import TABLE
from src.v2.impl.methods import GradientDescent, ScipyMethod, Newton, NewtonBase
from IPython.display import display, HTML

display(HTML("<style>pre { white-space: pre !important; }</style>"))

def print_points(data):
    for i in data:
        print(i[0] + i[1])
------------------


[0;31m---------------------------------------------------------------------------[0m
[0;31mModuleNotFoundError[0m                       Traceback (most recent call last)
Cell [0;32mIn[1], line 9[0m
[1;32m      7[0m [38;5;28;01mimport[39;00m [38;5;21;01mnumpy[39;00m [38;5;28;01mas[39;00m [38;5;21;01mnp[39;00m
[1;32m      8[0m [38;5;28;01mimport[39;00m [38;5;21;01msympy[39;00m
[0;32m----> 9[0m [38;5;28;01mfrom[39;00m [38;5;21;01msrc[39;00m[38;5;21;01m.[39;00m[38;5;21;01mv2[39;00m[38;5;21;01m.[39;00m[38;5;21;01mimpl[39;00m[38;5;21;01m.[39;00m[38;5;21;01mconditions[39;00m [38;5;28;01mimport[39;00m StepCountCondition, PrecisionCondition, AbsolutePrecisionCondition
[1;32m     10[0m [38;5;28;01mfrom[39;00m [38;5;21;01msrc[39;00m[38;5;21;01m.[39;00m[38;5;21;01mv2[39;00m[38;5;21;01m.[39;00m[38;5;21;01mimpl[39;00m[38;5;21;01m.[39;00m[38;5;21;01mmethods[39;00m [38;5;28;01mimport[39;00m CoordinateDescent, GoldenRatioMethod, NewtonWolfe
[1;32m     11[0m [38;5;28;01mfrom[39;00m [38;5;21;01msrc[39;00m[38;5;21;01m.[39;00m[38;5;21;01mv2[39;00m[38;5;21;01m.[39;00m[38;5;21;01mimpl[39;00m[38;5;21;01m.[39;00m[38;5;21;01mmetrics[39;00m [38;5;28;01mimport[39;00m StepCount, CallCount, GradientCallCount, HessianCallCount, PrecisionCount, \
[1;32m     12[0m     AbsolutePrecisionCount, AbsolutePrecision, MinAbsolutePrecision

[0;31mModuleNotFoundError[0m: No module named 'src'

